<?xml version="1.0" encoding="UTF-8"?>
<testsuite name="com.binarysearchtree.MyBinaryTreeTest" tests="1" skipped="0" failures="0" errors="0" timestamp="2021-05-20T10:23:01" hostname="ADMIN-PC" time="0.024">
  <properties/>
  <testcase name="given3NumbersWhenAddedToBinaryTreeShouldReturnSizeThree()" classname="com.binarysearchtree.MyBinaryTreeTest" time="0.024"/>
  <system-out><![CDATA[]]></system-out>
  <system-err><![CDATA[]]></system-err>
</testsuite>
